Log file open, 09/28/19 16:00:37
LogWindows: Failed to load 'aqProf.dll' (GetLastError=126)
LogWindows: File 'aqProf.dll' does not exist
LogWindows: Failed to load 'VtuneApi.dll' (GetLastError=126)
LogWindows: File 'VtuneApi.dll' does not exist
LogWindows: Failed to load 'VtuneApi32e.dll' (GetLastError=126)
LogWindows: File 'VtuneApi32e.dll' does not exist
LogConsoleResponse: Display: Failed to find resolution value strings in scalability ini. Falling back to default.
LogInit: Display: Running engine for game: VR360VidTemplate
LogPlatformFile: Not using cached read wrapper
LogTaskGraph: Started task graph with 5 named threads and 23 total threads with 3 sets of task threads.
LogStats: Stats thread started at 0.076572
LogD3D11RHI: Loaded GFSDK_Aftermath_Lib.x64.dll
LogICUInternationalization: ICU TimeZone Detection - Raw Offset: -7:00, Platform Override: ''
LogPluginManager: Mounting plugin Paper2D
LogPluginManager: Mounting plugin AISupport
LogPluginManager: Mounting plugin LightPropagationVolume
LogPluginManager: Mounting plugin ActorLayerUtilities
LogPluginManager: Mounting plugin AnimationSharing
LogPluginManager: Mounting plugin CLionSourceCodeAccess
LogPluginManager: Mounting plugin CodeLiteSourceCodeAccess
LogPluginManager: Mounting plugin GitSourceControl
LogPluginManager: Mounting plugin KDevelopSourceCodeAccess
LogPluginManager: Mounting plugin NullSourceCodeAccess
LogPluginManager: Mounting plugin PerforceSourceControl
LogPluginManager: Mounting plugin SubversionSourceControl
LogPluginManager: Mounting plugin UObjectPlugin
LogPluginManager: Mounting plugin VisualStudioCodeSourceCodeAccess
LogPluginManager: Mounting plugin VisualStudioSourceCodeAccess
LogPluginManager: Mounting plugin XCodeSourceCodeAccess
LogPluginManager: Mounting plugin AssetManagerEditor
LogPluginManager: Mounting plugin CryptoKeys
LogPluginManager: Mounting plugin CurveEditorTools
LogPluginManager: Mounting plugin DataValidation
LogPluginManager: Mounting plugin FacialAnimation
LogPluginManager: Mounting plugin GameplayTagsEditor
LogPluginManager: Mounting plugin MacGraphicsSwitching
LogPluginManager: Mounting plugin MaterialAnalyzer
LogPluginManager: Mounting plugin MobileLauncherProfileWizard
LogPluginManager: Mounting plugin PluginBrowser
LogPluginManager: Mounting plugin SpeedTreeImporter
LogPluginManager: Mounting plugin DatasmithContent
LogPluginManager: Mounting plugin VariantManagerContent
LogPluginManager: Mounting plugin AlembicImporter
LogPluginManager: Mounting plugin AutomationUtils
LogPluginManager: Mounting plugin BackChannel
LogPluginManager: Mounting plugin CharacterAI
LogPluginManager: Mounting plugin GeometryCache
LogPluginManager: Mounting plugin HTML5Networking
LogPluginManager: Mounting plugin PlatformCrypto
LogPluginManager: Mounting plugin ProxyLODPlugin
LogPluginManager: Mounting plugin SkeletalReduction
LogPluginManager: Mounting plugin MagicLeap
LogPluginManager: Mounting plugin MagicLeapMedia
LogPluginManager: Mounting plugin AndroidMedia
LogPluginManager: Mounting plugin AvfMedia
LogPluginManager: Mounting plugin ImgMedia
LogPluginManager: Mounting plugin MediaCompositing
LogPluginManager: Mounting plugin MediaPlayerEditor
LogPluginManager: Mounting plugin WebMMedia
LogPluginManager: Mounting plugin WmfMedia
LogPluginManager: Mounting plugin TcpMessaging
LogPluginManager: Mounting plugin UdpMessaging
LogPluginManager: Mounting plugin ActorSequence
LogPluginManager: Mounting plugin LevelSequenceEditor
LogPluginManager: Mounting plugin MatineeToLevelSequence
LogPluginManager: Mounting plugin NetcodeUnitTest
LogPluginManager: Mounting plugin NUTUnrealEngine4
LogPluginManager: Mounting plugin OnlineSubsystemGooglePlay
LogPluginManager: Mounting plugin OnlineSubsystemIOS
LogPluginManager: Mounting plugin OnlineSubsystem
LogPluginManager: Mounting plugin OnlineSubsystemNull
LogPluginManager: Mounting plugin OnlineSubsystemUtils
LogPluginManager: Mounting plugin LauncherChunkInstaller
LogPluginManager: Mounting plugin AndroidDeviceProfileSelector
LogPluginManager: Mounting plugin AndroidMoviePlayer
LogPluginManager: Mounting plugin AndroidPermission
LogPluginManager: Mounting plugin AppleImageUtils
LogPluginManager: Mounting plugin AppleMoviePlayer
LogPluginManager: Mounting plugin ArchVisCharacter
LogPluginManager: Mounting plugin AudioCapture
LogPluginManager: Mounting plugin CableComponent
LogPluginManager: Mounting plugin CustomMeshComponent
LogPluginManager: Mounting plugin EditableMesh
LogPluginManager: Mounting plugin ExampleDeviceProfileSelector
LogPluginManager: Mounting plugin GoogleCloudMessaging
LogPluginManager: Mounting plugin IOSDeviceProfileSelector
LogPluginManager: Mounting plugin LinuxDeviceProfileSelector
LogPluginManager: Mounting plugin LocationServicesBPLibrary
LogPluginManager: Mounting plugin MobilePatchingUtils
LogPluginManager: Mounting plugin OculusVR
LogPluginManager: Mounting plugin PhysXVehicles
LogPluginManager: Mounting plugin ProceduralMeshComponent
LogPluginManager: Mounting plugin RuntimePhysXCooking
LogPluginManager: Mounting plugin SignificanceManager
LogPluginManager: Mounting plugin SteamVR
LogPluginManager: Mounting plugin WebMMoviePlayer
LogPluginManager: Mounting plugin WindowsMoviePlayer
LogPluginManager: Mounting plugin ScreenshotTools
LogInit: Using libcurl 7.55.1-DEV
LogInit:  - built for x86_64-pc-win32
LogInit:  - supports SSL with OpenSSL/1.1.1
LogInit:  - supports HTTP deflate (compression) using libz 1.2.8
LogInit:  - other features:
LogInit:      CURL_VERSION_SSL
LogInit:      CURL_VERSION_LIBZ
LogInit:      CURL_VERSION_IPV6
LogInit:      CURL_VERSION_ASYNCHDNS
LogInit:      CURL_VERSION_LARGEFILE
LogInit:      CURL_VERSION_IDN
LogInit:  CurlRequestOptions (configurable via config and command line):
LogInit:  - bVerifyPeer = true  - Libcurl will verify peer certificate
LogInit:  - bUseHttpProxy = false  - Libcurl will NOT use HTTP proxy
LogInit:  - bDontReuseConnections = false  - Libcurl will reuse connections
LogInit:  - MaxHostConnections = 16  - Libcurl will limit the number of connections to a host
LogInit:  - LocalHostAddr = Default
LogInit:  - BufferSize = 65536
LogOnline: OSS: Creating online subsystem instance for: NULL
LogInit: WinSock: version 1.1 (2.2), MaxSocks=32767, MaxUdp=65467
LogInit: Build: ++UE4+Release-4.23-CL-8386587
LogInit: Engine Version: 4.23.0-8386587+++UE4+Release-4.23
LogInit: Compatible Engine Version: 4.23.0-8386587+++UE4+Release-4.23
LogInit: Net CL: 8386587
LogInit: OS: Windows 10 (Release 1803) (), CPU: Intel(R) Core(TM) i7-8550U CPU @ 1.80GHz, GPU: Intel(R) UHD Graphics 620
LogInit: Compiled (64-bit): Aug 31 2019 02:04:44
LogInit: Compiled with Visual C++: 19.16.27030.01
LogInit: Build Configuration: Development
LogInit: Branch Name: ++UE4+Release-4.23
LogInit: Command Line: 
LogInit: Base Directory: C:/Program Files/Epic Games/UE_4.23/Engine/Binaries/Win64/
LogInit: Installed Engine Build: 1
LogDevObjectVersion: Number of dev versions registered: 23
LogDevObjectVersion:   Dev-Blueprints (B0D832E4-1F89-4F0D-ACCF-7EB736FD4AA2): 10
LogDevObjectVersion:   Dev-Build (E1C64328-A22C-4D53-A36C-8E866417BD8C): 0
LogDevObjectVersion:   Dev-Core (375EC13C-06E4-48FB-B500-84F0262A717E): 3
LogDevObjectVersion:   Dev-Editor (E4B068ED-F494-42E9-A231-DA0B2E46BB41): 34
LogDevObjectVersion:   Dev-Framework (CFFC743F-43B0-4480-9391-14DF171D2073): 35
LogDevObjectVersion:   Dev-Mobile (B02B49B5-BB20-44E9-A304-32B752E40360): 2
LogDevObjectVersion:   Dev-Networking (A4E4105C-59A1-49B5-A7C5-40C4547EDFEE): 0
LogDevObjectVersion:   Dev-Online (39C831C9-5AE6-47DC-9A44-9C173E1C8E7C): 0
LogDevObjectVersion:   Dev-Physics (78F01B33-EBEA-4F98-B9B4-84EACCB95AA2): 0
LogDevObjectVersion:   Dev-Platform (6631380F-2D4D-43E0-8009-CF276956A95A): 0
LogDevObjectVersion:   Dev-Rendering (12F88B9F-8875-4AFC-A67C-D90C383ABD29): 31
LogDevObjectVersion:   Dev-Sequencer (7B5AE74C-D270-4C10-A958-57980B212A5A): 11
LogDevObjectVersion:   Dev-VR (D7296918-1DD6-4BDD-9DE2-64A83CC13884): 2
LogDevObjectVersion:   Dev-LoadTimes (C2A15278-BFE7-4AFE-6C17-90FF531DF755): 1
LogDevObjectVersion:   Private-Geometry (6EACA3D4-40EC-4CC1-B786-8BED09428FC5): 3
LogDevObjectVersion:   Dev-AnimPhys (29E575DD-E0A3-4627-9D10-D276232CDCEA): 17
LogDevObjectVersion:   Dev-Anim (AF43A65D-7FD3-4947-9873-3E8ED9C1BB05): 2
LogDevObjectVersion:   Dev-ReflectionCapture (6B266CEC-1EC7-4B8F-A30B-E4D90942FC07): 1
LogDevObjectVersion:   Dev-Automation (0DF73D61-A23F-47EA-B727-89E90C41499A): 1
LogDevObjectVersion:   FortniteMain (601D1886-AC64-4F84-AA16-D3DE0DEAC7D6): 27
LogDevObjectVersion:   Dev-Enterprise (9DFFBCD6-494F-0158-E221-12823C92A888): 6
LogDevObjectVersion:   Dev-Niagara (F2AED0AC-9AFE-416F-8664-AA7FFA26D6FC): 1
LogDevObjectVersion:   Dev-Destruction (174F1F0B-B4C6-45A5-B13F-2EE8D0FB917D): 9
LogInit: Presizing for max 16777216 objects, including 0 objects not considered by GC, pre-allocating 0 bytes for permanent pool.
LogInit: Object subsystem initialized
LogConfig: Setting CVar [[con.DebugEarlyDefault:1]]
LogConfig: Setting CVar [[r.setres:1280x720]]
[2019.09.28-22.00.37:921][  0]LogConfig: Setting CVar [[r.VSync:0]]
[2019.09.28-22.00.37:921][  0]LogConfig: Setting CVar [[r.RHICmdBypass:0]]
[2019.09.28-22.00.37:922][  0]LogConfig: Applying CVar settings from Section [/Script/Engine.RendererSettings] File [C:/Users/druny/Documents/360VidUE4/VR360VidTemplate/Saved/Config/Windows/Engine.ini]
[2019.09.28-22.00.37:922][  0]LogConfig: Setting CVar [[r.GPUCrashDebugging:0]]
[2019.09.28-22.00.37:922][  0]LogConfig: Setting CVar [[r.MobileHDR:0]]
[2019.09.28-22.00.37:922][  0]LogConfig: Setting CVar [[r.Mobile.DisableVertexFog:1]]
[2019.09.28-22.00.37:922][  0]LogConfig: Setting CVar [[r.Shadow.CSM.MaxMobileCascades:2]]
[2019.09.28-22.00.37:922][  0]LogConfig: Setting CVar [[r.MobileMSAA:1]]
[2019.09.28-22.00.37:922][  0]LogConfig: Setting CVar [[r.Mobile.UseLegacyShadingModel:0]]
[2019.09.28-22.00.37:922][  0]LogConfig: Setting CVar [[r.Mobile.UseHWsRGBEncoding:0]]
[2019.09.28-22.00.37:922][  0]LogConfig: Setting CVar [[r.Mobile.AllowDitheredLODTransition:0]]
[2019.09.28-22.00.37:922][  0]LogConfig: Setting CVar [[r.Mobile.AllowSoftwareOcclusion:0]]
[2019.09.28-22.00.37:922][  0]LogConfig: Setting CVar [[r.DiscardUnusedQuality:0]]
[2019.09.28-22.00.37:922][  0]LogConfig: Setting CVar [[r.AllowOcclusionQueries:1]]
[2019.09.28-22.00.37:922][  0]LogConfig: Setting CVar [[r.MinScreenRadiusForLights:0.030000]]
[2019.09.28-22.00.37:922][  0]LogConfig: Setting CVar [[r.MinScreenRadiusForDepthPrepass:0.030000]]
[2019.09.28-22.00.37:922][  0]LogConfig: Setting CVar [[r.MinScreenRadiusForCSMDepth:0.010000]]
[2019.09.28-22.00.37:922][  0]LogConfig: Setting CVar [[r.PrecomputedVisibilityWarning:0]]
[2019.09.28-22.00.37:922][  0]LogConfig: Setting CVar [[r.TextureStreaming:1]]
[2019.09.28-22.00.37:922][  0]LogConfig: Setting CVar [[Compat.UseDXT5NormalMaps:0]]
[2019.09.28-22.00.37:922][  0]LogConfig: Setting CVar [[r.VirtualTextures:0]]
[2019.09.28-22.00.37:922][  0]LogConfig: Setting CVar [[r.VirtualTexturedLightmaps:0]]
[2019.09.28-22.00.37:922][  0]LogConfig: Setting CVar [[r.VT.TileSize:128]]
[2019.09.28-22.00.37:922][  0]LogConfig: Setting CVar [[r.VT.TileBorderSize:4]]
[2019.09.28-22.00.37:922][  0]LogConfig: Setting CVar [[r.vt.FeedbackFactor:16]]
[2019.09.28-22.00.37:922][  0]LogConfig: Setting CVar [[r.VT.EnableCompressZlib:1]]
[2019.09.28-22.00.37:922][  0]LogConfig: Setting CVar [[r.VT.EnableCompressCrunch:0]]
[2019.09.28-22.00.37:922][  0]LogConfig: Setting CVar [[r.ClearCoatNormal:0]]
[2019.09.28-22.00.37:922][  0]LogConfig: Setting CVar [[r.ReflectionCaptureResolution:128]]
[2019.09.28-22.00.37:922][  0]LogConfig: Setting CVar [[r.ReflectionEnvironmentLightmapMixBasedOnRoughness:1]]
[2019.09.28-22.00.37:922][  0]LogConfig: Setting CVar [[r.ForwardShading:0]]
[2019.09.28-22.00.37:922][  0]LogConfig: Setting CVar [[r.VertexFoggingForOpaque:1]]
[2019.09.28-22.00.37:922][  0]LogConfig: Setting CVar [[r.AllowStaticLighting:1]]
[2019.09.28-22.00.37:922][  0]LogConfig: Setting CVar [[r.NormalMapsForStaticLighting:0]]
[2019.09.28-22.00.37:922][  0]LogConfig: Setting CVar [[r.GenerateMeshDistanceFields:0]]
[2019.09.28-22.00.37:922][  0]LogConfig: Setting CVar [[r.DistanceFieldBuild.EightBit:0]]
[2019.09.28-22.00.37:922][  0]LogConfig: Setting CVar [[r.GenerateLandscapeGIData:0]]
[2019.09.28-22.00.37:922][  0]LogConfig: Setting CVar [[r.DistanceFieldBuild.Compress:0]]
[2019.09.28-22.00.37:922][  0]LogConfig: Setting CVar [[r.TessellationAdaptivePixelsPerTriangle:48.000000]]
[2019.09.28-22.00.37:922][  0]LogConfig: Setting CVar [[r.SeparateTranslucency:0]]
[2019.09.28-22.00.37:922][  0]LogConfig: Setting CVar [[r.TranslucentSortPolicy:0]]
[2019.09.28-22.00.37:922][  0]LogConfig: Setting CVar [[r.CustomDepth:1]]
[2019.09.28-22.00.37:922][  0]LogConfig: Setting CVar [[r.CustomDepthTemporalAAJitter:1]]
[2019.09.28-22.00.37:922][  0]LogConfig: Setting CVar [[r.PostProcessing.PropagateAlpha:0]]
[2019.09.28-22.00.37:922][  0]LogConfig: Setting CVar [[r.DefaultFeature.Bloom:0]]
[2019.09.28-22.00.37:922][  0]LogConfig: Setting CVar [[r.DefaultFeature.AmbientOcclusion:0]]
[2019.09.28-22.00.37:922][  0]LogConfig: Setting CVar [[r.DefaultFeature.AmbientOcclusionStaticFraction:1]]
[2019.09.28-22.00.37:922][  0]LogConfig: Setting CVar [[r.DefaultFeature.AutoExposure:0]]
[2019.09.28-22.00.37:922][  0]LogConfig: Setting CVar [[r.DefaultFeature.AutoExposure.Method:0]]
[2019.09.28-22.00.37:922][  0]LogConfig: Setting CVar [[r.DefaultFeature.AutoExposure.ExtendDefaultLuminanceRange:1]]
[2019.09.28-22.00.37:922][  0]LogConfig: Setting CVar [[r.UsePreExposure:1]]
[2019.09.28-22.00.37:922][  0]LogConfig: Setting CVar [[r.EyeAdaptation.EditorOnly:1]]
[2019.09.28-22.00.37:922][  0]LogConfig: Setting CVar [[r.DefaultFeature.MotionBlur:0]]
[2019.09.28-22.00.37:922][  0]LogConfig: Setting CVar [[r.DefaultFeature.LensFlare:0]]
[2019.09.28-22.00.37:922][  0]LogConfig: Setting CVar [[r.TemporalAA.Upsampling:0]]
[2019.09.28-22.00.37:922][  0]LogConfig: Setting CVar [[r.DefaultFeature.AntiAliasing:0]]
[2019.09.28-22.00.37:922][  0]LogConfig: Setting CVar [[r.DefaultFeature.LightUnits:1]]
[2019.09.28-22.00.37:922][  0]LogConfig: Setting CVar [[r.DefaultBackBufferPixelFormat:4]]
[2019.09.28-22.00.37:922][  0]LogConfig: Setting CVar [[r.Shadow.UnbuiltPreviewInGame:1]]
[2019.09.28-22.00.37:922][  0]LogConfig: Setting CVar [[r.StencilForLODDither:0]]
[2019.09.28-22.00.37:922][  0]LogConfig: Setting CVar [[r.EarlyZPass:3]]
[2019.09.28-22.00.37:922][  0]LogConfig: Setting CVar [[r.EarlyZPassOnlyMaterialMasking:0]]
[2019.09.28-22.00.37:922][  0]LogConfig: Setting CVar [[r.DBuffer:1]]
[2019.09.28-22.00.37:922][  0]LogConfig: Setting CVar [[r.ClearSceneMethod:1]]
[2019.09.28-22.00.37:922][  0]LogConfig: Setting CVar [[r.BasePassOutputsVelocity:0]]
[2019.09.28-22.00.37:922][  0]LogConfig: Setting CVar [[r.SelectiveBasePassOutputs:0]]
[2019.09.28-22.00.37:922][  0]LogConfig: Setting CVar [[fx.GPUSimulationTextureSizeX:1024]]
[2019.09.28-22.00.37:922][  0]LogConfig: Setting CVar [[fx.GPUSimulationTextureSizeY:1024]]
[2019.09.28-22.00.37:922][  0]LogConfig: Setting CVar [[r.AllowGlobalClipPlane:0]]
[2019.09.28-22.00.37:922][  0]LogConfig: Setting CVar [[r.GBufferFormat:1]]
[2019.09.28-22.00.37:923][  0]LogConfig: Setting CVar [[r.MorphTarget.Mode:1]]
[2019.09.28-22.00.37:923][  0]LogConfig: Setting CVar [[vr.InstancedStereo:0]]
[2019.09.28-22.00.37:923][  0]LogConfig: Setting CVar [[vr.MultiView:0]]
[2019.09.28-22.00.37:923][  0]LogConfig: Setting CVar [[vr.MobileMultiView:0]]
[2019.09.28-22.00.37:923][  0]LogConfig: Setting CVar [[vr.MobileMultiView.Direct:0]]
[2019.09.28-22.00.37:923][  0]LogConfig: Setting CVar [[vr.RoundRobinOcclusion:0]]
[2019.09.28-22.00.37:923][  0]LogConfig: Setting CVar [[vr.ODSCapture:0]]
[2019.09.28-22.00.37:923][  0]LogConfig: Setting CVar [[r.WireframeCullThreshold:5.000000]]
[2019.09.28-22.00.37:923][  0]LogConfig: Setting CVar [[r.RayTracing:0]]
[2019.09.28-22.00.37:923][  0]LogConfig: Setting CVar [[r.SupportStationarySkylight:1]]
[2019.09.28-22.00.37:923][  0]LogConfig: Setting CVar [[r.SupportLowQualityLightmaps:1]]
[2019.09.28-22.00.37:923][  0]LogConfig: Setting CVar [[r.SupportPointLightWholeSceneShadows:1]]
[2019.09.28-22.00.37:923][  0]LogConfig: Setting CVar [[r.SupportAtmosphericFog:1]]
[2019.09.28-22.00.37:923][  0]LogConfig: Setting CVar [[r.SkinCache.CompileShaders:0]]
[2019.09.28-22.00.37:923][  0]LogConfig: Setting CVar [[r.Mobile.EnableStaticAndCSMShadowReceivers:1]]
[2019.09.28-22.00.37:923][  0]LogConfig: Setting CVar [[r.Mobile.EnableMovableLightCSMShaderCulling:1]]
[2019.09.28-22.00.37:923][  0]LogConfig: Setting CVar [[r.Mobile.AllowDistanceFieldShadows:1]]
[2019.09.28-22.00.37:923][  0]LogConfig: Setting CVar [[r.Mobile.AllowMovableDirectionalLights:1]]
[2019.09.28-22.00.37:923][  0]LogConfig: Setting CVar [[r.MobileNumDynamicPointLights:4]]
[2019.09.28-22.00.37:923][  0]LogConfig: Setting CVar [[r.MobileDynamicPointLightsUseStaticBranch:1]]
[2019.09.28-22.00.37:923][  0]LogConfig: Setting CVar [[r.Mobile.EnableMovableSpotlights:0]]
[2019.09.28-22.00.37:923][  0]LogConfig: Setting CVar [[r.SkinCache.SceneMemoryLimitInMB:128.000000]]
[2019.09.28-22.00.37:923][  0]LogConfig: Setting CVar [[r.GPUSkin.Limit2BoneInfluences:0]]
[2019.09.28-22.00.37:923][  0]LogConfig: Setting CVar [[r.SupportDepthOnlyIndexBuffers:1]]
[2019.09.28-22.00.37:923][  0]LogConfig: Setting CVar [[r.SupportReversedIndexBuffers:1]]
[2019.09.28-22.00.37:923][  0]LogConfig: Setting CVar [[r.SupportMaterialLayers:0]]
[2019.09.28-22.00.37:923][  0]LogConfig: Applying CVar settings from Section [/Script/Engine.RendererOverrideSettings] File [C:/Users/druny/Documents/360VidUE4/VR360VidTemplate/Saved/Config/Windows/Engine.ini]
[2019.09.28-22.00.37:923][  0]LogConfig: Applying CVar settings from Section [/Script/Engine.StreamingSettings] File [C:/Users/druny/Documents/360VidUE4/VR360VidTemplate/Saved/Config/Windows/Engine.ini]
[2019.09.28-22.00.37:923][  0]LogConfig: Setting CVar [[s.MinBulkDataSizeForAsyncLoading:131072]]
[2019.09.28-22.00.37:923][  0]LogConfig: Setting CVar [[s.AsyncLoadingThreadEnabled:0]]
[2019.09.28-22.00.37:923][  0]LogConfig: Setting CVar [[s.EventDrivenLoaderEnabled:1]]
[2019.09.28-22.00.37:923][  0]LogConfig: Setting CVar [[s.WarnIfTimeLimitExceeded:0]]
[2019.09.28-22.00.37:923][  0]LogConfig: Setting CVar [[s.TimeLimitExceededMultiplier:1.5]]
[2019.09.28-22.00.37:923][  0]LogConfig: Setting CVar [[s.TimeLimitExceededMinTime:0.005]]
[2019.09.28-22.00.37:923][  0]LogConfig: Setting CVar [[s.UseBackgroundLevelStreaming:1]]
[2019.09.28-22.00.37:923][  0]LogConfig: Setting CVar [[s.PriorityAsyncLoadingExtraTime:15.0]]
[2019.09.28-22.00.37:923][  0]LogConfig: Setting CVar [[s.LevelStreamingActorsUpdateTimeLimit:5.0]]
[2019.09.28-22.00.37:923][  0]LogConfig: Setting CVar [[s.PriorityLevelStreamingActorsUpdateExtraTime:5.0]]
[2019.09.28-22.00.37:923][  0]LogConfig: Setting CVar [[s.LevelStreamingComponentsRegistrationGranularity:10]]
[2019.09.28-22.00.37:923][  0]LogConfig: Setting CVar [[s.UnregisterComponentsTimeLimit:1.0]]
[2019.09.28-22.00.37:923][  0]LogConfig: Setting CVar [[s.LevelStreamingComponentsUnregistrationGranularity:5]]
[2019.09.28-22.00.37:923][  0]LogConfig: Applying CVar settings from Section [/Script/Engine.GarbageCollectionSettings] File [C:/Users/druny/Documents/360VidUE4/VR360VidTemplate/Saved/Config/Windows/Engine.ini]
[2019.09.28-22.00.37:923][  0]LogConfig: Setting CVar [[gc.MaxObjectsNotConsideredByGC:1]]
[2019.09.28-22.00.37:923][  0]LogConfig: Setting CVar [[gc.SizeOfPermanentObjectPool:0]]
[2019.09.28-22.00.37:923][  0]LogConfig: Setting CVar [[gc.FlushStreamingOnGC:0]]
[2019.09.28-22.00.37:923][  0]LogConfig: Setting CVar [[gc.NumRetriesBeforeForcingGC:10]]
[2019.09.28-22.00.37:923][  0]LogConfig: Setting CVar [[gc.AllowParallelGC:1]]
[2019.09.28-22.00.37:923][  0]LogConfig: Setting CVar [[gc.TimeBetweenPurgingPendingKillObjects:61.1]]
[2019.09.28-22.00.37:923][  0]LogConfig: Setting CVar [[gc.MaxObjectsInEditor:16777216]]
[2019.09.28-22.00.37:923][  0]LogConfig: Setting CVar [[gc.IncrementalBeginDestroyEnabled:1]]
[2019.09.28-22.00.37:923][  0]LogConfig: Setting CVar [[gc.CreateGCClusters:1]]
[2019.09.28-22.00.37:923][  0]LogConfig: Setting CVar [[gc.MinGCClusterSize:5]]
[2019.09.28-22.00.37:923][  0]LogConfig: Setting CVar [[gc.ActorClusteringEnabled:0]]
[2019.09.28-22.00.37:923][  0]LogConfig: Setting CVar [[gc.BlueprintClusteringEnabled:0]]
[2019.09.28-22.00.37:923][  0]LogConfig: Setting CVar [[gc.UseDisregardForGCOnDedicatedServers:0]]
[2019.09.28-22.00.37:923][  0]LogConfig: Applying CVar settings from Section [/Script/Engine.NetworkSettings] File [C:/Users/druny/Documents/360VidUE4/VR360VidTemplate/Saved/Config/Windows/Engine.ini]
[2019.09.28-22.00.37:923][  0]LogConfig: Applying CVar settings from Section [/Script/UnrealEd.CookerSettings] File [C:/Users/druny/Documents/360VidUE4/VR360VidTemplate/Saved/Config/Windows/Engine.ini]
[2019.09.28-22.00.37:929][  0]LogConfig: Applying CVar settings from Section [ViewDistanceQuality@3] File [C:/Users/druny/Documents/360VidUE4/VR360VidTemplate/Saved/Config/Windows/Scalability.ini]
[2019.09.28-22.00.37:929][  0]LogConfig: Setting CVar [[r.SkeletalMeshLODBias:0]]
[2019.09.28-22.00.37:929][  0]LogConfig: Setting CVar [[r.ViewDistanceScale:1.0]]
[2019.09.28-22.00.37:929][  0]LogConfig: Applying CVar settings from Section [AntiAliasingQuality@3] File [C:/Users/druny/Documents/360VidUE4/VR360VidTemplate/Saved/Config/Windows/Scalability.ini]
[2019.09.28-22.00.37:929][  0]LogConfig: Setting CVar [[r.PostProcessAAQuality:4]]
[2019.09.28-22.00.37:929][  0]LogConfig: Applying CVar settings from Section [ShadowQuality@3] File [C:/Users/druny/Documents/360VidUE4/VR360VidTemplate/Saved/Config/Windows/Scalability.ini]
[2019.09.28-22.00.37:929][  0]LogConfig: Setting CVar [[r.LightFunctionQuality:1]]
[2019.09.28-22.00.37:929][  0]LogConfig: Setting CVar [[r.ShadowQuality:5]]
[2019.09.28-22.00.37:929][  0]LogConfig: Setting CVar [[r.Shadow.CSM.MaxCascades:10]]
[2019.09.28-22.00.37:929][  0]LogConfig: Setting CVar [[r.Shadow.MaxResolution:2048]]
[2019.09.28-22.00.37:929][  0]LogConfig: Setting CVar [[r.Shadow.MaxCSMResolution:2048]]
[2019.09.28-22.00.37:930][  0]LogConfig: Setting CVar [[r.Shadow.RadiusThreshold:0.01]]
[2019.09.28-22.00.37:930][  0]LogConfig: Setting CVar [[r.Shadow.DistanceScale:1.0]]
[2019.09.28-22.00.37:930][  0]LogConfig: Setting CVar [[r.Shadow.CSM.TransitionScale:1.0]]
[2019.09.28-22.00.37:930][  0]LogConfig: Setting CVar [[r.Shadow.PreShadowResolutionFactor:1.0]]
[2019.09.28-22.00.37:930][  0]LogConfig: Setting CVar [[r.DistanceFieldShadowing:1]]
[2019.09.28-22.00.37:930][  0]LogConfig: Setting CVar [[r.DistanceFieldAO:1]]
[2019.09.28-22.00.37:930][  0]LogConfig: Setting CVar [[r.AOQuality:2]]
[2019.09.28-22.00.37:930][  0]LogConfig: Setting CVar [[r.VolumetricFog:1]]
[2019.09.28-22.00.37:930][  0]LogConfig: Setting CVar [[r.VolumetricFog.GridPixelSize:8]]
[2019.09.28-22.00.37:930][  0]LogConfig: Setting CVar [[r.VolumetricFog.GridSizeZ:128]]
[2019.09.28-22.00.37:930][  0]LogConfig: Setting CVar [[r.VolumetricFog.HistoryMissSupersampleCount:4]]
[2019.09.28-22.00.37:930][  0]LogConfig: Setting CVar [[r.LightMaxDrawDistanceScale:1]]
[2019.09.28-22.00.37:930][  0]LogConfig: Setting CVar [[r.CapsuleShadows:1]]
[2019.09.28-22.00.37:930][  0]LogConfig: Applying CVar settings from Section [PostProcessQuality@3] File [C:/Users/druny/Documents/360VidUE4/VR360VidTemplate/Saved/Config/Windows/Scalability.ini]
[2019.09.28-22.00.37:930][  0]LogConfig: Setting CVar [[r.MotionBlurQuality:4]]
[2019.09.28-22.00.37:930][  0]LogConfig: Setting CVar [[r.AmbientOcclusionMipLevelFactor:0.4]]
[2019.09.28-22.00.37:930][  0]LogConfig: Setting CVar [[r.AmbientOcclusionMaxQuality:100]]
[2019.09.28-22.00.37:930][  0]LogConfig: Setting CVar [[r.AmbientOcclusionLevels:-1]]
[2019.09.28-22.00.37:930][  0]LogConfig: Setting CVar [[r.AmbientOcclusionRadiusScale:1.0]]
[2019.09.28-22.00.37:930][  0]LogConfig: Setting CVar [[r.DepthOfFieldQuality:2]]
[2019.09.28-22.00.37:930][  0]LogConfig: Setting CVar [[r.RenderTargetPoolMin:400]]
[2019.09.28-22.00.37:930][  0]LogConfig: Setting CVar [[r.LensFlareQuality:2]]
[2019.09.28-22.00.37:930][  0]LogConfig: Setting CVar [[r.SceneColorFringeQuality:1]]
[2019.09.28-22.00.37:930][  0]LogConfig: Setting CVar [[r.EyeAdaptationQuality:2]]
[2019.09.28-22.00.37:930][  0]LogConfig: Setting CVar [[r.BloomQuality:5]]
[2019.09.28-22.00.37:930][  0]LogConfig: Setting CVar [[r.FastBlurThreshold:100]]
[2019.09.28-22.00.37:930][  0]LogConfig: Setting CVar [[r.Upscale.Quality:3]]
[2019.09.28-22.00.37:930][  0]LogConfig: Setting CVar [[r.Tonemapper.GrainQuantization:1]]
[2019.09.28-22.00.37:930][  0]LogConfig: Setting CVar [[r.LightShaftQuality:1]]
[2019.09.28-22.00.37:930][  0]LogConfig: Setting CVar [[r.Filter.SizeScale:1]]
[2019.09.28-22.00.37:930][  0]LogConfig: Setting CVar [[r.Tonemapper.Quality:5]]
[2019.09.28-22.00.37:930][  0]LogConfig: Setting CVar [[r.DOF.Gather.AccumulatorQuality:1        ; higher gathering accumulator quality]]
[2019.09.28-22.00.37:930][  0]LogConfig: Setting CVar [[r.DOF.Gather.PostfilterMethod:1          ; Median3x3 postfilering method]]
[2019.09.28-22.00.37:930][  0]LogConfig: Setting CVar [[r.DOF.Gather.EnableBokehSettings:0       ; no bokeh simulation when gathering]]
[2019.09.28-22.00.37:930][  0]LogConfig: Setting CVar [[r.DOF.Gather.RingCount:4                 ; medium number of samples when gathering]]
[2019.09.28-22.00.37:930][  0]LogConfig: Setting CVar [[r.DOF.Scatter.ForegroundCompositing:1    ; additive foreground scattering]]
[2019.09.28-22.00.37:930][  0]LogConfig: Setting CVar [[r.DOF.Scatter.BackgroundCompositing:2    ; additive background scattering]]
[2019.09.28-22.00.37:930][  0]LogConfig: Setting CVar [[r.DOF.Scatter.EnableBokehSettings:1      ; bokeh simulation when scattering]]
[2019.09.28-22.00.37:930][  0]LogConfig: Setting CVar [[r.DOF.Scatter.MaxSpriteRatio:0.1         ; only a maximum of 10% of scattered bokeh]]
[2019.09.28-22.00.37:930][  0]LogConfig: Setting CVar [[r.DOF.Recombine.Quality:1                ; cheap slight out of focus]]
[2019.09.28-22.00.37:930][  0]LogConfig: Setting CVar [[r.DOF.Recombine.EnableBokehSettings:0    ; no bokeh simulation on slight out of focus]]
[2019.09.28-22.00.37:930][  0]LogConfig: Setting CVar [[r.DOF.TemporalAAQuality:1                ; more stable temporal accumulation]]
[2019.09.28-22.00.37:930][  0]LogConfig: Setting CVar [[r.DOF.Kernel.MaxForegroundRadius:0.025]]
[2019.09.28-22.00.37:930][  0]LogConfig: Setting CVar [[r.DOF.Kernel.MaxBackgroundRadius:0.025]]
[2019.09.28-22.00.37:930][  0]LogConfig: Applying CVar settings from Section [TextureQuality@3] File [C:/Users/druny/Documents/360VidUE4/VR360VidTemplate/Saved/Config/Windows/Scalability.ini]
[2019.09.28-22.00.37:930][  0]LogConfig: Setting CVar [[r.Streaming.MipBias:0]]
[2019.09.28-22.00.37:930][  0]LogConfig: Setting CVar [[r.Streaming.AmortizeCPUToGPUCopy:0]]
[2019.09.28-22.00.37:930][  0]LogConfig: Setting CVar [[r.Streaming.MaxNumTexturesToStreamPerFrame:0]]
[2019.09.28-22.00.37:930][  0]LogConfig: Setting CVar [[r.Streaming.Boost:1]]
[2019.09.28-22.00.37:930][  0]LogConfig: Setting CVar [[r.MaxAnisotropy:8]]
[2019.09.28-22.00.37:930][  0]LogConfig: Setting CVar [[r.Streaming.LimitPoolSizeToVRAM:0]]
[2019.09.28-22.00.37:930][  0]LogConfig: Setting CVar [[r.Streaming.PoolSize:1000]]
[2019.09.28-22.00.37:930][  0]LogConfig: Setting CVar [[r.Streaming.MaxEffectiveScreenSize:0]]
[2019.09.28-22.00.37:930][  0]LogConfig: Applying CVar settings from Section [EffectsQuality@3] File [C:/Users/druny/Documents/360VidUE4/VR360VidTemplate/Saved/Config/Windows/Scalability.ini]
[2019.09.28-22.00.37:930][  0]LogConfig: Setting CVar [[r.TranslucencyLightingVolumeDim:64]]
[2019.09.28-22.00.37:930][  0]LogConfig: Setting CVar [[r.RefractionQuality:2]]
[2019.09.28-22.00.37:930][  0]LogConfig: Setting CVar [[r.SSR.Quality:3]]
[2019.09.28-22.00.37:930][  0]LogConfig: Setting CVar [[r.SceneColorFormat:4]]
[2019.09.28-22.00.37:930][  0]LogConfig: Setting CVar [[r.DetailMode:2]]
[2019.09.28-22.00.37:930][  0]LogConfig: Setting CVar [[r.TranslucencyVolumeBlur:1]]
[2019.09.28-22.00.37:930][  0]LogConfig: Setting CVar [[r.MaterialQualityLevel:1 ; High quality]]
[2019.09.28-22.00.37:930][  0]LogConfig: Setting CVar [[r.SSS.Scale:1]]
[2019.09.28-22.00.37:930][  0]LogConfig: Setting CVar [[r.SSS.SampleSet:2]]
[2019.09.28-22.00.37:930][  0]LogConfig: Setting CVar [[r.SSS.Quality:1]]
[2019.09.28-22.00.37:930][  0]LogConfig: Setting CVar [[r.SSS.HalfRes:1]]
[2019.09.28-22.00.37:930][  0]LogConfig: Setting CVar [[r.EmitterSpawnRateScale:1.0]]
[2019.09.28-22.00.37:930][  0]LogConfig: Setting CVar [[r.ParticleLightQuality:2]]
[2019.09.28-22.00.37:930][  0]LogConfig: Applying CVar settings from Section [FoliageQuality@3] File [C:/Users/druny/Documents/360VidUE4/VR360VidTemplate/Saved/Config/Windows/Scalability.ini]
[2019.09.28-22.00.37:931][  0]LogConfig: Setting CVar [[foliage.DensityScale:1.0]]
[2019.09.28-22.00.37:931][  0]LogConfig: Setting CVar [[grass.DensityScale:1.0]]
[2019.09.28-22.00.37:931][  0]LogInit: Selected Device Profile: [Windows]
[2019.09.28-22.00.37:931][  0]LogInit: Applying CVar settings loaded from the selected device profile: [Windows]
[2019.09.28-22.00.37:933][  0]LogHAL: Display: Platform has ~ 16 GB [17017708544 / 17179869184 / 16], which maps to Larger [LargestMinGB=32, LargerMinGB=12, DefaultMinGB=8, SmallerMinGB=6, SmallestMinGB=0)
[2019.09.28-22.00.37:934][  0]LogInit: Going up to parent DeviceProfile []
[2019.09.28-22.00.37:934][  0]LogConfig: Applying CVar settings from Section [ViewDistanceQuality@0] File [C:/Users/druny/Documents/360VidUE4/VR360VidTemplate/Saved/Config/Windows/Scalability.ini]
[2019.09.28-22.00.37:934][  0]LogConfig: Setting CVar [[r.SkeletalMeshLODBias:2]]
[2019.09.28-22.00.37:934][  0]LogConfig: Setting CVar [[r.ViewDistanceScale:0.4]]
[2019.09.28-22.00.37:934][  0]LogConfig: Applying CVar settings from Section [AntiAliasingQuality@0] File [C:/Users/druny/Documents/360VidUE4/VR360VidTemplate/Saved/Config/Windows/Scalability.ini]
[2019.09.28-22.00.37:934][  0]LogConfig: Setting CVar [[r.PostProcessAAQuality:0]]
[2019.09.28-22.00.37:934][  0]LogConfig: Applying CVar settings from Section [ShadowQuality@0] File [C:/Users/druny/Documents/360VidUE4/VR360VidTemplate/Saved/Config/Windows/Scalability.ini]
[2019.09.28-22.00.37:934][  0]LogConfig: Setting CVar [[r.LightFunctionQuality:0]]
[2019.09.28-22.00.37:934][  0]LogConfig: Setting CVar [[r.ShadowQuality:0]]
[2019.09.28-22.00.37:934][  0]LogConfig: Setting CVar [[r.Shadow.CSM.MaxCascades:1]]
[2019.09.28-22.00.37:934][  0]LogConfig: Setting CVar [[r.Shadow.MaxResolution:512]]
[2019.09.28-22.00.37:934][  0]LogConfig: Setting CVar [[r.Shadow.MaxCSMResolution:512]]
[2019.09.28-22.00.37:934][  0]LogConfig: Setting CVar [[r.Shadow.RadiusThreshold:0.06]]
[2019.09.28-22.00.37:934][  0]LogConfig: Setting CVar [[r.Shadow.DistanceScale:0.6]]
[2019.09.28-22.00.37:934][  0]LogConfig: Setting CVar [[r.Shadow.CSM.TransitionScale:0]]
[2019.09.28-22.00.37:934][  0]LogConfig: Setting CVar [[r.Shadow.PreShadowResolutionFactor:0.5]]
[2019.09.28-22.00.37:934][  0]LogConfig: Setting CVar [[r.DistanceFieldShadowing:0]]
[2019.09.28-22.00.37:934][  0]LogConfig: Setting CVar [[r.DistanceFieldAO:0]]
[2019.09.28-22.00.37:934][  0]LogConfig: Setting CVar [[r.VolumetricFog:0]]
[2019.09.28-22.00.37:934][  0]LogConfig: Setting CVar [[r.LightMaxDrawDistanceScale:0]]
[2019.09.28-22.00.37:934][  0]LogConfig: Setting CVar [[r.CapsuleShadows:0]]
[2019.09.28-22.00.37:934][  0]LogConfig: Applying CVar settings from Section [PostProcessQuality@0] File [C:/Users/druny/Documents/360VidUE4/VR360VidTemplate/Saved/Config/Windows/Scalability.ini]
[2019.09.28-22.00.37:934][  0]LogConfig: Setting CVar [[r.MotionBlurQuality:0]]
[2019.09.28-22.00.37:934][  0]LogConfig: Setting CVar [[r.AmbientOcclusionMipLevelFactor:1.0]]
[2019.09.28-22.00.37:934][  0]LogConfig: Setting CVar [[r.AmbientOcclusionMaxQuality:0]]
[2019.09.28-22.00.37:934][  0]LogConfig: Setting CVar [[r.AmbientOcclusionLevels:0]]
[2019.09.28-22.00.37:934][  0]LogConfig: Setting CVar [[r.AmbientOcclusionRadiusScale:1.2]]
[2019.09.28-22.00.37:934][  0]LogConfig: Setting CVar [[r.DepthOfFieldQuality:0]]
[2019.09.28-22.00.37:934][  0]LogConfig: Setting CVar [[r.RenderTargetPoolMin:300]]
[2019.09.28-22.00.37:934][  0]LogConfig: Setting CVar [[r.LensFlareQuality:0]]
[2019.09.28-22.00.37:934][  0]LogConfig: Setting CVar [[r.SceneColorFringeQuality:0]]
[2019.09.28-22.00.37:934][  0]LogConfig: Setting CVar [[r.EyeAdaptationQuality:0]]
[2019.09.28-22.00.37:934][  0]LogConfig: Setting CVar [[r.BloomQuality:4]]
[2019.09.28-22.00.37:934][  0]LogConfig: Setting CVar [[r.FastBlurThreshold:0]]
[2019.09.28-22.00.37:934][  0]LogConfig: Setting CVar [[r.Upscale.Quality:1]]
[2019.09.28-22.00.37:934][  0]LogConfig: Setting CVar [[r.Tonemapper.GrainQuantization:0]]
[2019.09.28-22.00.37:934][  0]LogConfig: Setting CVar [[r.LightShaftQuality:0]]
[2019.09.28-22.00.37:934][  0]LogConfig: Setting CVar [[r.Filter.SizeScale:0.6]]
[2019.09.28-22.00.37:934][  0]LogConfig: Setting CVar [[r.Tonemapper.Quality:0]]
[2019.09.28-22.00.37:934][  0]LogConfig: Applying CVar settings from Section [TextureQuality@0] File [C:/Users/druny/Documents/360VidUE4/VR360VidTemplate/Saved/Config/Windows/Scalability.ini]
[2019.09.28-22.00.37:934][  0]LogConfig: Setting CVar [[r.Streaming.MipBias:16]]
[2019.09.28-22.00.37:934][  0]LogConfig: Setting CVar [[r.Streaming.AmortizeCPUToGPUCopy:1]]
[2019.09.28-22.00.37:934][  0]LogConfig: Setting CVar [[r.Streaming.MaxNumTexturesToStreamPerFrame:1]]
[2019.09.28-22.00.37:934][  0]LogConfig: Setting CVar [[r.Streaming.Boost:0.3]]
[2019.09.28-22.00.37:934][  0]LogConfig: Setting CVar [[r.MaxAnisotropy:0]]
[2019.09.28-22.00.37:934][  0]LogConfig: Setting CVar [[r.Streaming.LimitPoolSizeToVRAM:1]]
[2019.09.28-22.00.37:934][  0]LogConfig: Setting CVar [[r.Streaming.PoolSize:400]]
[2019.09.28-22.00.37:934][  0]LogConfig: Setting CVar [[r.Streaming.MaxEffectiveScreenSize:0]]
[2019.09.28-22.00.37:934][  0]LogConfig: Applying CVar settings from Section [EffectsQuality@0] File [C:/Users/druny/Documents/360VidUE4/VR360VidTemplate/Saved/Config/Windows/Scalability.ini]
[2019.09.28-22.00.37:934][  0]LogConfig: Setting CVar [[r.TranslucencyLightingVolumeDim:24]]
[2019.09.28-22.00.37:934][  0]LogConfig: Setting CVar [[r.RefractionQuality:0]]
[2019.09.28-22.00.37:934][  0]LogConfig: Setting CVar [[r.SSR.Quality:0]]
[2019.09.28-22.00.37:934][  0]LogConfig: Setting CVar [[r.SceneColorFormat:3]]
[2019.09.28-22.00.37:934][  0]LogConfig: Setting CVar [[r.DetailMode:0]]
[2019.09.28-22.00.37:934][  0]LogConfig: Setting CVar [[r.TranslucencyVolumeBlur:0]]
[2019.09.28-22.00.37:934][  0]LogConfig: Setting CVar [[r.MaterialQualityLevel:0 ; Low quality]]
[2019.09.28-22.00.37:934][  0]LogConfig: Setting CVar [[r.SSS.Scale:0]]
[2019.09.28-22.00.37:934][  0]LogConfig: Setting CVar [[r.SSS.SampleSet:0]]
[2019.09.28-22.00.37:934][  0]LogConfig: Setting CVar [[r.SSS.Quality:0]]
[2019.09.28-22.00.37:934][  0]LogConfig: Setting CVar [[r.SSS.HalfRes:1]]
[2019.09.28-22.00.37:934][  0]LogConfig: Setting CVar [[r.EmitterSpawnRateScale:0.125]]
[2019.09.28-22.00.37:934][  0]LogConfig: Setting CVar [[r.ParticleLightQuality:0]]
[2019.09.28-22.00.37:934][  0]LogConfig: Applying CVar settings from Section [FoliageQuality@0] File [C:/Users/druny/Documents/360VidUE4/VR360VidTemplate/Saved/Config/Windows/Scalability.ini]
[2019.09.28-22.00.37:934][  0]LogConfig: Setting CVar [[foliage.DensityScale:0]]
[2019.09.28-22.00.37:934][  0]LogConfig: Setting CVar [[grass.DensityScale:0]]
[2019.09.28-22.00.37:934][  0]LogConfig: Applying CVar settings from Section [Startup] File [../../../Engine/Config/ConsoleVariables.ini]
[2019.09.28-22.00.37:935][  0]LogConfig: Setting CVar [[net.UseAdaptiveNetUpdateFrequency:0]]
[2019.09.28-22.00.37:935][  0]LogConfig: Setting CVar [[p.chaos.AllowCreatePhysxBodies:1]]
[2019.09.28-22.00.37:935][  0]LogConfig: Applying CVar settings from Section [ConsoleVariables] File [C:/Users/druny/Documents/360VidUE4/VR360VidTemplate/Saved/Config/Windows/Engine.ini]
[2019.09.28-22.00.37:935][  0]LogInit: Computer: RUNYAN-LAPTOP
[2019.09.28-22.00.37:935][  0]LogInit: User: Daniel
[2019.09.28-22.00.37:935][  0]LogInit: CPU Page size=4096, Cores=4
[2019.09.28-22.00.37:935][  0]LogInit: High frequency timer resolution =1.945310 MHz
[2019.09.28-22.00.37:935][  0]LogMemory: Memory total: Physical=15.8GB (16GB approx)
[2019.09.28-22.00.37:935][  0]LogMemory: Platform Memory Stats for Windows
[2019.09.28-22.00.37:935][  0]LogMemory: Process Physical Memory: 100.44 MB used, 100.44 MB peak
[2019.09.28-22.00.37:935][  0]LogMemory: Process Virtual Memory: 100.80 MB used, 100.80 MB peak
[2019.09.28-22.00.37:935][  0]LogMemory: Physical Memory: 6129.61 MB used,  10099.75 MB free, 16229.35 MB total
[2019.09.28-22.00.37:935][  0]LogMemory: Virtual Memory: 4684.79 MB used,  134213040.00 MB free, 134217728.00 MB total
[2019.09.28-22.00.37:938][  0]LogWindows: WindowsPlatformFeatures enabled
[2019.09.28-22.00.37:970][  0]LogInit: Using OS detected language (en-US).
[2019.09.28-22.00.37:970][  0]LogInit: Using OS detected locale (en-US).
[2019.09.28-22.00.37:971][  0]LogTextLocalizationManager: No specific localization for 'en-US' exists, so the 'en' localization will be used.
[2019.09.28-22.00.38:155][  0]LogInit: Setting process to per monitor DPI aware
[2019.09.28-22.00.38:206][  0]LogSlate: New Slate User Created.  User Index 0, Is Virtual User: 0
[2019.09.28-22.00.38:206][  0]LogSlate: Slate User Registered.  User Index 0, Is Virtual User: 0
[2019.09.28-22.00.38:390][  0]LogHMD: Failed to initialize OpenVR with code 110
[2019.09.28-22.00.38:391][  0]LogD3D11RHI: D3D11 adapters:
[2019.09.28-22.00.38:688][  0]LogD3D11RHI:    0. 'Intel(R) UHD Graphics 620' (Feature Level 11_0)
[2019.09.28-22.00.38:688][  0]LogD3D11RHI:       128/0/8114 MB DedicatedVideo/DedicatedSystem/SharedSystem, Outputs:2, VendorId:0x8086
[2019.09.28-22.00.38:690][  0]LogD3D11RHI:    1. 'Microsoft Basic Render Driver' (Feature Level 11_0)
[2019.09.28-22.00.38:690][  0]LogD3D11RHI:       0/0/8114 MB DedicatedVideo/DedicatedSystem/SharedSystem, Outputs:0, VendorId:0x1414
[2019.09.28-22.00.38:690][  0]LogD3D11RHI: Chosen D3D11 Adapter: 0
[2019.09.28-22.00.38:696][  0]LogD3D11RHI: Creating new Direct3DDevice
[2019.09.28-22.00.38:696][  0]LogD3D11RHI:     GPU DeviceId: 0x5917 (for the marketing name, search the web for "GPU Device Id")
[2019.09.28-22.00.38:696][  0]LogWindows: EnumDisplayDevices:
[2019.09.28-22.00.38:697][  0]LogWindows:    0. 'Intel(R) UHD Graphics 620' (P:0 D:1)
[2019.09.28-22.00.38:697][  0]LogWindows:    1. 'Intel(R) UHD Graphics 620' (P:1 D:1)
[2019.09.28-22.00.38:697][  0]LogWindows:    2. 'Intel(R) UHD Graphics 620' (P:0 D:0)
[2019.09.28-22.00.38:697][  0]LogWindows: DebugString: FoundDriverCount:3 
[2019.09.28-22.00.38:697][  0]LogD3D11RHI:     Adapter Name: Intel(R) UHD Graphics 620
[2019.09.28-22.00.38:697][  0]LogD3D11RHI:   Driver Version: 23.20.16.5044 (internal:23.20.16.5044, unified:23.20.16.5044)
[2019.09.28-22.00.38:697][  0]LogD3D11RHI:      Driver Date: 4-25-2018
[2019.09.28-22.00.38:697][  0]LogRHI: Texture pool is 1523 MB (70% of 2176 MB)
[2019.09.28-22.00.38:982][  0]LogD3D11RHI: Async texture creation enabled
[2019.09.28-22.00.38:988][  0]LogD3D11RHI: GPU Timing Frequency: 12.000048 (Debug: 2 0)
[2019.09.28-22.00.39:351][  0]LogTemp: Display: Module 'AllDesktopTargetPlatform' loaded TargetPlatform 'AllDesktop'
[2019.09.28-22.00.39:362][  0]LogTemp: Display: Module 'MacClientTargetPlatform' loaded TargetPlatform 'MacClient'
[2019.09.28-22.00.39:373][  0]LogTemp: Display: Module 'MacNoEditorTargetPlatform' loaded TargetPlatform 'MacNoEditor'
[2019.09.28-22.00.39:385][  0]LogTemp: Display: Module 'MacServerTargetPlatform' loaded TargetPlatform 'MacServer'
[2019.09.28-22.00.39:397][  0]LogTemp: Display: Module 'MacTargetPlatform' loaded TargetPlatform 'Mac'
[2019.09.28-22.00.39:408][  0]LogTemp: Display: Module 'WindowsClientTargetPlatform' loaded TargetPlatform 'WindowsClient'
[2019.09.28-22.00.39:418][  0]LogTemp: Display: Module 'WindowsNoEditorTargetPlatform' loaded TargetPlatform 'WindowsNoEditor'
[2019.09.28-22.00.39:430][  0]LogTemp: Display: Module 'WindowsServerTargetPlatform' loaded TargetPlatform 'WindowsServer'
[2019.09.28-22.00.39:438][  0]LogTemp: Display: Module 'WindowsTargetPlatform' loaded TargetPlatform 'Windows'
[2019.09.28-22.00.39:479][  0]LogTemp: Display: Module 'AndroidTargetPlatform' loaded TargetPlatform 'Android'
[2019.09.28-22.00.39:479][  0]LogTemp: Display: Module 'AndroidTargetPlatform' loaded TargetPlatform 'Android_ASTC'
[2019.09.28-22.00.39:479][  0]LogTemp: Display: Module 'AndroidTargetPlatform' loaded TargetPlatform 'Android_ATC'
[2019.09.28-22.00.39:479][  0]LogTemp: Display: Module 'AndroidTargetPlatform' loaded TargetPlatform 'Android_DXT'
[2019.09.28-22.00.39:479][  0]LogTemp: Display: Module 'AndroidTargetPlatform' loaded TargetPlatform 'Android_ETC1'
[2019.09.28-22.00.39:479][  0]LogTemp: Display: Module 'AndroidTargetPlatform' loaded TargetPlatform 'Android_ETC1a'
[2019.09.28-22.00.39:479][  0]LogTemp: Display: Module 'AndroidTargetPlatform' loaded TargetPlatform 'Android_ETC2'
[2019.09.28-22.00.39:479][  0]LogTemp: Display: Module 'AndroidTargetPlatform' loaded TargetPlatform 'Android_PVRTC'
[2019.09.28-22.00.39:479][  0]LogTemp: Display: Module 'AndroidTargetPlatform' loaded TargetPlatform 'AndroidClient'
[2019.09.28-22.00.39:479][  0]LogTemp: Display: Module 'AndroidTargetPlatform' loaded TargetPlatform 'Android_ASTCClient'
[2019.09.28-22.00.39:479][  0]LogTemp: Display: Module 'AndroidTargetPlatform' loaded TargetPlatform 'Android_ATCClient'
[2019.09.28-22.00.39:479][  0]LogTemp: Display: Module 'AndroidTargetPlatform' loaded TargetPlatform 'Android_DXTClient'
[2019.09.28-22.00.39:479][  0]LogTemp: Display: Module 'AndroidTargetPlatform' loaded TargetPlatform 'Android_ETC1Client'
[2019.09.28-22.00.39:479][  0]LogTemp: Display: Module 'AndroidTargetPlatform' loaded TargetPlatform 'Android_ETC1aClient'
[2019.09.28-22.00.39:479][  0]LogTemp: Display: Module 'AndroidTargetPlatform' loaded TargetPlatform 'Android_ETC2Client'
[2019.09.28-22.00.39:479][  0]LogTemp: Display: Module 'AndroidTargetPlatform' loaded TargetPlatform 'Android_PVRTCClient'
[2019.09.28-22.00.39:479][  0]LogTemp: Display: Module 'AndroidTargetPlatform' loaded TargetPlatform 'Android_Multi'
[2019.09.28-22.00.39:479][  0]LogTemp: Display: Module 'AndroidTargetPlatform' loaded TargetPlatform 'Android_MultiClient'
[2019.09.28-22.00.39:481][  0]LogTemp: Display: Module 'HTML5TargetPlatform' loaded TargetPlatform 'HTML5'
[2019.09.28-22.00.39:503][  0]LogTemp: Display: Module 'IOSTargetPlatform' loaded TargetPlatform 'IOSClient'
[2019.09.28-22.00.39:503][  0]LogTemp: Display: Module 'IOSTargetPlatform' loaded TargetPlatform 'IOS'
[2019.09.28-22.00.39:524][  0]LogTemp: Display: Module 'TVOSTargetPlatform' loaded TargetPlatform 'TVOSClient'
[2019.09.28-22.00.39:524][  0]LogTemp: Display: Module 'TVOSTargetPlatform' loaded TargetPlatform 'TVOS'
[2019.09.28-22.00.39:533][  0]LogTemp: Display: Module 'LinuxClientTargetPlatform' loaded TargetPlatform 'LinuxClient'
[2019.09.28-22.00.39:541][  0]LogTemp: Display: Module 'LinuxNoEditorTargetPlatform' loaded TargetPlatform 'LinuxNoEditor'
[2019.09.28-22.00.39:550][  0]LogTemp: Display: Module 'LinuxServerTargetPlatform' loaded TargetPlatform 'LinuxServer'
[2019.09.28-22.00.39:560][  0]LogTemp: Display: Module 'LinuxTargetPlatform' loaded TargetPlatform 'Linux'
[2019.09.28-22.00.39:589][  0]LogTemp: Display: Module 'LuminTargetPlatform' loaded TargetPlatform 'Lumin'
[2019.09.28-22.00.39:589][  0]LogTemp: Display: Module 'LuminTargetPlatform' loaded TargetPlatform 'LuminClient'
[2019.09.28-22.00.39:589][  0]LogTargetPlatformManager: Display: Building Assets For Windows
[2019.09.28-22.00.39:602][  0]LogAudioDebug: Display: Lib vorbis DLL was dynamically loaded.
[2019.09.28-22.00.39:674][  0]LogShaderCompilers: Guid format shader working directory is -20 characters bigger than the processId version (../../../../../../Users/druny/Documents/360VidUE4/VR360VidTemplate/Intermediate/Shaders/WorkingDirectory/4296/).
[2019.09.28-22.00.39:674][  0]LogShaderCompilers: Cleaned the shader compiler working directory 'C:/Users/druny/AppData/Local/Temp/UnrealShaderWorkingDir/B66B84744FCD8EC13E01A691ED24E13E/'.
[2019.09.28-22.00.39:678][  0]LogXGEController: Cleaning working directory: C:/Users/druny/AppData/Local/Temp/UnrealXGEWorkingDir/
[2019.09.28-22.00.39:678][  0]LogXGEController: Cannot use XGE Controller as Incredibuild is not installed on this machine.
[2019.09.28-22.00.39:678][  0]LogShaderCompilers: Cannot use XGE Shader Compiler as Incredibuild is not installed on this machine.
[2019.09.28-22.00.39:678][  0]LogShaderCompilers: Display: Using Local Shader Compiler.
[2019.09.28-22.00.40:399][  0]LogDerivedDataCache: Display: Max Cache Size: 512 MB
[2019.09.28-22.00.40:458][  0]LogDerivedDataCache: Loaded boot cache 0.06s 76MB C:/Users/druny/AppData/Local/UnrealEngine/4.23/DerivedDataCache/Boot.ddc.
[2019.09.28-22.00.40:458][  0]LogDerivedDataCache: Display: Loaded Boot cache: C:/Users/druny/AppData/Local/UnrealEngine/4.23/DerivedDataCache/Boot.ddc
[2019.09.28-22.00.40:458][  0]LogDerivedDataCache: FDerivedDataBackendGraph:  Pak pak cache file ../../../../../../Users/druny/Documents/360VidUE4/VR360VidTemplate/DerivedDataCache/DDC.ddp not found, will not use a pak cache.
[2019.09.28-22.00.40:458][  0]LogDerivedDataCache: Unable to find inner node Pak for hierarchical cache Hierarchy.
[2019.09.28-22.00.40:458][  0]LogDerivedDataCache: FDerivedDataBackendGraph:  CompressedPak pak cache file ../../../../../../Users/druny/Documents/360VidUE4/VR360VidTemplate/DerivedDataCache/Compressed.ddp not found, will not use a pak cache.
[2019.09.28-22.00.40:458][  0]LogDerivedDataCache: Unable to find inner node CompressedPak for hierarchical cache Hierarchy.
[2019.09.28-22.00.40:471][  0]LogDerivedDataCache: Display: Pak cache opened for reading ../../../Engine/DerivedDataCache/Compressed.ddp.
[2019.09.28-22.00.40:471][  0]LogDerivedDataCache: FDerivedDataBackendGraph:  EnterprisePak pak cache file ../../../Enterprise/DerivedDataCache/Compressed.ddp not found, will not use a pak cache.
[2019.09.28-22.00.40:471][  0]LogDerivedDataCache: Unable to find inner node EnterprisePak for hierarchical cache Hierarchy.
[2019.09.28-22.00.40:472][  0]LogDerivedDataCache: Using Local data cache path C:/Users/druny/AppData/Local/UnrealEngine/Common/DerivedDataCache: Writable
[2019.09.28-22.00.40:472][  0]LogDerivedDataCache: Shared data cache path not found in *engine.ini, will not use an Shared cache.
[2019.09.28-22.00.40:472][  0]LogDerivedDataCache: Unable to find inner node Shared for hierarchical cache Hierarchy.
[2019.09.28-22.00.40:498][  0]LogMaterial: Verifying Global Shaders for PCD3D_SM5
[2019.09.28-22.00.40:501][  0]LogSlate: Using FreeType 2.6.0
[2019.09.28-22.00.40:502][  0]LogSlate: SlateFontServices - WITH_FREETYPE: 1, WITH_HARFBUZZ: 1
[2019.09.28-22.00.40:568][  0]LogAssetRegistry: FAssetRegistry took 0.0027 seconds to start up
[2019.09.28-22.00.40:887][  0]LogInit: Selected Device Profile: [Windows]
[2019.09.28-22.00.41:067][  0]LogMeshReduction: Using QuadricMeshReduction for automatic static mesh reduction
[2019.09.28-22.00.41:068][  0]LogMeshReduction: Using SimplygonMeshReduction for automatic skeletal mesh reduction
[2019.09.28-22.00.41:068][  0]LogMeshReduction: Using ProxyLODMeshReduction for automatic mesh merging
[2019.09.28-22.00.41:068][  0]LogMeshReduction: No distributed automatic mesh merging module available
[2019.09.28-22.00.41:068][  0]LogMeshMerging: No distributed automatic mesh merging module available
[2019.09.28-22.00.41:078][  0]LogNetVersion: VR360VidTemplate 1.0.0, NetCL: 8386587, EngineNetVer: 11, GameNetVer: 0 (Checksum: 2112616890)
[2019.09.28-22.00.41:545][  0]LogPackageLocalizationCache: Processed 12 localized package path(s) for 1 prioritized culture(s) in 0.056925 seconds
[2019.09.28-22.00.41:552][  0]LogUObjectArray: 43444 objects as part of root set at end of initial load.
[2019.09.28-22.00.41:552][  0]LogUObjectAllocator: 7548648 out of 0 bytes used by permanent object pool.
[2019.09.28-22.00.41:552][  0]LogUObjectArray: CloseDisregardForGC: 0/0 objects in disregard for GC pool
[2019.09.28-22.00.42:541][  0]LogTcpMessaging: Initializing TcpMessaging bridge
[2019.09.28-22.00.42:544][  0]LogUdpMessaging: Initializing bridge on interface 0.0.0.0:0 to multicast group 230.0.0.1:6666.
[2019.09.28-22.00.42:611][  0]SourceControl: Source control is disabled
[2019.09.28-22.00.42:612][  0]SourceControl: Source control is disabled
[2019.09.28-22.00.42:613][  0]SourceControl: Source control is disabled
[2019.09.28-22.00.42:615][  0]SourceControl: Source control is disabled
[2019.09.28-22.00.42:730][  0]LogAndroidPermission: UAndroidPermissionCallbackProxy::GetInstance
[2019.09.28-22.00.42:866][  0]LogOcInput: OculusInput pre-init called
[2019.09.28-22.00.42:874][  0]LogWindows: Failed to load 'OVRPlugin.dll' (GetLastError=126)
[2019.09.28-22.00.42:874][  0]LogWindows: File 'OVRPlugin.dll' does not exist
[2019.09.28-22.00.42:954][  0]LogEngine: Initializing Engine...
[2019.09.28-22.00.42:955][  0]LogHMD: Failed to initialize OpenVR with code 110
[2019.09.28-22.00.42:956][  0]LogStats: UGameplayTagsManager::InitializeManager -  0.000 s
[2019.09.28-22.00.43:209][  0]LogInit: Initializing FReadOnlyCVARCache
[2019.09.28-22.00.43:235][  0]LogAIModule: Creating AISystem for world Untitled
[2019.09.28-22.00.43:252][  0]LogInit: XAudio2 using 'Acer B247Y (3- Intel(R) Display Audio)' : 2 channels at 48 kHz using 16 bits per sample (channel mask 0x3)
[2019.09.28-22.00.43:267][  0]LogInit: FAudioDevice initialized.
[2019.09.28-22.00.43:267][  0]LogNetVersion: Set ProjectVersion to 1.0.0.0. Version Checksum will be recalculated on next use.
[2019.09.28-22.00.43:335][  0]LogDerivedDataCache: Saved boot cache 0.07s 76MB C:/Users/druny/AppData/Local/UnrealEngine/4.23/DerivedDataCache/Boot.ddc.
[2019.09.28-22.00.43:346][  0]LogInit: Texture streaming: Enabled
[2019.09.28-22.00.43:370][  0]LogEngineSessionManager: EngineSessionManager initialized
[2019.09.28-22.00.43:449][  0]LogInit: Transaction tracking system initialized
[2019.09.28-22.00.43:493][  0]BlueprintLog: New page: Editor Load
[2019.09.28-22.00.43:672][  0]LocalizationService: Localization service is disabled
[2019.09.28-22.00.44:611][  0]LogFileCache: Scanning file cache for directory 'C:/Users/druny/Documents/360VidUE4/VR360VidTemplate/Content/' took 0.00s
[2019.09.28-22.00.44:611][  0]LogCook: Display: Max memory allowance for cook 16384mb min free memory 0mb
[2019.09.28-22.00.44:611][  0]LogCook: Display: Mobile HDR setting 0
[2019.09.28-22.00.44:860][  0]SourceControl: Source control is disabled
[2019.09.28-22.00.44:860][  0]Cmd: MAP LOAD FILE="../../../Engine/Content/Maps/Templates/Template_Default.umap" TEMPLATE=1 SHOWPROGRESS=1 FEATURELEVEL=3
[2019.09.28-22.00.44:861][  0]LightingResults: New page: Lighting Build
[2019.09.28-22.00.44:865][  0]LogWorld: UWorld::CleanupWorld for Untitled, bSessionEnded=true, bCleanupResources=true
[2019.09.28-22.00.44:865][  0]MapCheck: New page: Map Check
[2019.09.28-22.00.44:865][  0]LightingResults: New page: Lighting Build
[2019.09.28-22.00.44:898][  0]LogUObjectHash: Compacting FUObjectHashTables data took   2.08ms
[2019.09.28-22.00.44:996][  0]LogAIModule: Creating AISystem for world Untitled_1
[2019.09.28-22.00.45:002][  0]LogEditorServer: Finished looking for orphan Actors (0.000 secs)
[2019.09.28-22.00.45:037][  0]LogUObjectHash: Compacting FUObjectHashTables data took   2.44ms
[2019.09.28-22.00.45:037][  0]Cmd: MAP CHECKDEP NOCLEARLOG
[2019.09.28-22.00.45:037][  0]MapCheck: Map check complete: 0 Error(s), 0 Warning(s), took 0.194ms to complete.
[2019.09.28-22.00.45:037][  0]LogFileHelpers: Loading map 'Template_Default' took 0.178
[2019.09.28-22.00.45:153][  0]LogSlate: Updating window title bar state: overlay mode, drag disabled, window buttons hidden, title bar hidden
[2019.09.28-22.00.45:162][  0]LogSlate: Updating window title bar state: overlay mode, drag disabled, window buttons hidden, title bar hidden
[2019.09.28-22.00.45:172][  0]LogSlate: Updating window title bar state: overlay mode, drag disabled, window buttons hidden, title bar hidden
[2019.09.28-22.00.45:185][  0]LogSlate: Updating window title bar state: overlay mode, drag disabled, window buttons hidden, title bar hidden
[2019.09.28-22.00.45:193][  0]LogCollectionManager: Loaded 0 collections in 0.003229 seconds
[2019.09.28-22.00.45:203][  0]LogFileCache: Scanning file cache for directory 'C:/Users/druny/Documents/360VidUE4/VR360VidTemplate/Saved/Collections/' took 0.00s
[2019.09.28-22.00.45:203][  0]LogFileCache: Scanning file cache for directory 'C:/Users/druny/Documents/360VidUE4/VR360VidTemplate/Content/Developers/Daniel/Collections/' took 0.00s
[2019.09.28-22.00.45:203][  0]LogFileCache: Scanning file cache for directory 'C:/Users/druny/Documents/360VidUE4/VR360VidTemplate/Content/Collections/' took 0.00s
[2019.09.28-22.00.45:203][  0]LogCollectionManager: Rebuilt the GUID cache for 0 collections in 0.000002 seconds
[2019.09.28-22.00.45:214][  0]LogContentBrowser: Native class hierarchy populated in 0.0105 seconds. Added 2863 classes and 680 folders.
[2019.09.28-22.00.45:224][  0]LogContentBrowser: Native class hierarchy updated for 'WidgetCarousel' in 0.0003 seconds. Added 0 classes and 0 folders.
[2019.09.28-22.00.45:282][  0]LogContentBrowser: Native class hierarchy updated for 'AddContentDialog' in 0.0003 seconds. Added 0 classes and 0 folders.
[2019.09.28-22.00.45:292][  0]LogContentBrowser: Native class hierarchy updated for 'SceneOutliner' in 0.0003 seconds. Added 1 classes and 2 folders.
[2019.09.28-22.00.45:362][  0]LogSlate: Took 0.000215 seconds to synchronously load lazily loaded font '../../../Engine/Content/Slate/Fonts/Roboto-Regular.ttf' (155K)
[2019.09.28-22.00.45:365][  0]LogSlate: Took 0.000191 seconds to synchronously load lazily loaded font '../../../Engine/Content/Slate/Fonts/Roboto-Bold.ttf' (160K)
[2019.09.28-22.00.45:370][  0]LogSlate: Took 0.000180 seconds to synchronously load lazily loaded font '../../../Engine/Content/Editor/Slate/Fonts/FontAwesome.ttf' (139K)
[2019.09.28-22.00.45:459][  0]LogRenderer: Reallocating scene render targets to support 1148x564 Format 9 NumSamples 1 (Frame:1).
[2019.09.28-22.00.45:624][  0]LogContentBrowser: Native class hierarchy updated for 'HierarchicalLODOutliner' in 0.0004 seconds. Added 0 classes and 0 folders.
[2019.09.28-22.00.45:624][  0]LogLoad: (Engine Initialization) Total time: 9.04 seconds
[2019.09.28-22.00.45:624][  0]LogLoad: (Engine Initialization) Total Blueprint compile time: 0.00 seconds
[2019.09.28-22.00.45:643][  0]LogWindowsTextInputMethodSystem: Display: IME system now deactivated.
[2019.09.28-22.00.45:693][  0]LogContentStreaming: Texture pool size now 400 MB
[2019.09.28-22.00.45:727][  0]LogSlate: Took 0.000224 seconds to synchronously load lazily loaded font '../../../Engine/Content/Slate/Fonts/Roboto-Light.ttf' (167K)
[2019.09.28-22.00.45:771][  1]LogAssetRegistry: Asset discovery search completed in 5.2033 seconds
[2019.09.28-22.00.45:778][  1]LogCollectionManager: Rebuilt the object cache for 0 collections in 0.000008 seconds (found 0 objects)
[2019.09.28-22.00.45:778][  1]LogCollectionManager: Fixed up redirectors for 0 collections in 0.000102 seconds (updated 0 objects)
[2019.09.28-22.00.46:714][ 25]LogSlate: Took 0.000358 seconds to synchronously load lazily loaded font '../../../Engine/Content/Slate/Fonts/Roboto-Light.ttf' (167K)
[2019.09.28-22.00.47:468][ 68]LogSlate: FSceneViewport::OnFocusLost() reason 0
[2019.09.28-22.00.48:505][118]LogUObjectHash: Compacting FUObjectHashTables data took   2.89ms
[2019.09.28-22.00.49:546][118]LogSlate: Window 'Delete Assets' being destroyed
[2019.09.28-22.00.49:660][118]LogUObjectHash: Compacting FUObjectHashTables data took   0.86ms
[2019.09.28-22.00.49:700][118]LogUObjectHash: Compacting FUObjectHashTables data took   0.85ms
[2019.09.28-22.00.49:736][118]LogUObjectHash: Compacting FUObjectHashTables data took   0.88ms
[2019.09.28-22.00.50:618][164]LogUObjectHash: Compacting FUObjectHashTables data took   4.51ms
[2019.09.28-22.00.51:550][164]LogSlate: Window 'Delete Assets' being destroyed
[2019.09.28-22.00.51:667][164]LogUObjectHash: Compacting FUObjectHashTables data took   0.99ms
[2019.09.28-22.00.51:711][164]LogUObjectHash: Compacting FUObjectHashTables data took   0.92ms
[2019.09.28-22.00.51:749][164]LogUObjectHash: Compacting FUObjectHashTables data took   0.90ms
[2019.09.28-22.00.57:718][457]LogAIModule: Creating AISystem for world Info
[2019.09.28-22.00.57:725][457]LogAIModule: Creating AISystem for world VidExample
[2019.09.28-22.00.57:960][457]LogUObjectHash: Compacting FUObjectHashTables data took   3.11ms
[2019.09.28-22.00.57:960][457]LogMetaData: Removing '/Game/BPs/Maps/Info.Info:PersistentLevel.Info.EventGraph.K2Node_Event_0' ref from Metadata '/Game/Maps/Info.PackageMetaData'
[2019.09.28-22.00.57:960][457]LogMetaData: Removing '/Game/BPs/Maps/Info.Info:PersistentLevel.Info.EventGraph.K2Node_Event_1' ref from Metadata '/Game/Maps/Info.PackageMetaData'
[2019.09.28-22.00.57:960][457]LogMetaData: Removing '/Game/BPs/Maps/Info.Info_C' ref from Metadata '/Game/Maps/Info.PackageMetaData'
[2019.09.28-22.00.57:960][457]LogMetaData: Removing '/Game/BPs/Maps/Info.SKEL_Info_C' ref from Metadata '/Game/Maps/Info.PackageMetaData'
[2019.09.28-22.00.58:120][457]LogUObjectHash: Compacting FUObjectHashTables data took   2.54ms
[2019.09.28-22.00.58:120][457]LogMetaData: Removing '/Game/BPs/Maps/VidExample.VidExample_C' ref from Metadata '/Game/Maps/VidExample.PackageMetaData'
[2019.09.28-22.00.58:120][457]LogMetaData: Removing '/Game/BPs/Maps/VidExample.VidExample:PersistentLevel.VidExample.EventGraph.K2Node_Event_0' ref from Metadata '/Game/Maps/VidExample.PackageMetaData'
[2019.09.28-22.00.58:120][457]LogMetaData: Removing '/Game/BPs/Maps/VidExample.VidExample:PersistentLevel.VidExample.EventGraph.K2Node_Event_1' ref from Metadata '/Game/Maps/VidExample.PackageMetaData'
[2019.09.28-22.00.58:120][457]LogMetaData: Removing '/Game/BPs/Maps/VidExample.SKEL_VidExample_C' ref from Metadata '/Game/Maps/VidExample.PackageMetaData'
[2019.09.28-22.00.58:143][457]Cmd: OBJ SAVEPACKAGE PACKAGE="/Game/BPs/Maps/Info_BuiltData" FILE="../../../../../../Users/druny/Documents/360VidUE4/VR360VidTemplate/Content/BPs/Maps/Info_BuiltData.uasset" SILENT=true
[2019.09.28-22.00.58:162][457]LogSavePackage: Moving '../../../../../../Users/druny/Documents/360VidUE4/VR360VidTemplate/Saved/Info_BuiltDataC305064647FF3374BA8B27A6B6D31824.tmp' to '../../../../../../Users/druny/Documents/360VidUE4/VR360VidTemplate/Content/BPs/Maps/Info_BuiltData.uasset'
[2019.09.28-22.00.58:171][457]Cmd: OBJ SAVEPACKAGE PACKAGE="/Game/BPs/Maps/Info" FILE="../../../../../../Users/druny/Documents/360VidUE4/VR360VidTemplate/Content/BPs/Maps/Info.umap" SILENT=true AUTOSAVING=false KEEPDIRTY=false
[2019.09.28-22.00.58:208][457]LogUObjectHash: Compacting FUObjectHashTables data took   1.85ms
[2019.09.28-22.00.58:326][457]LogSavePackage: Moving '../../../../../../Users/druny/Documents/360VidUE4/VR360VidTemplate/Saved/Info9F678B494A46870E5E6D0A9A6C8A8CC9.tmp' to '../../../../../../Users/druny/Documents/360VidUE4/VR360VidTemplate/Content/BPs/Maps/Info.umap'
[2019.09.28-22.00.58:333][457]LogFileHelpers: Saving map 'Info' took 0.162
[2019.09.28-22.00.58:370][457]LogUObjectHash: Compacting FUObjectHashTables data took   2.07ms
[2019.09.28-22.00.58:468][457]LogSavePackage: Moving '../../../../../../Users/druny/Documents/360VidUE4/VR360VidTemplate/Saved/VidExampleC4F717924C078703EB23878D60EDE859.tmp' to '../../../../../../Users/druny/Documents/360VidUE4/VR360VidTemplate/Content/BPs/Maps/VidExample.umap'
[2019.09.28-22.00.58:471][457]LogFileHelpers: Saving map 'VidExample' took 0.134
[2019.09.28-22.00.58:665][457]LogUObjectHash: Compacting FUObjectHashTables data took   2.20ms
[2019.09.28-22.00.58:692][457]LogUObjectHash: Compacting FUObjectHashTables data took   0.76ms
[2019.09.28-22.00.58:726][457]LogUObjectHash: Compacting FUObjectHashTables data took   0.76ms
[2019.09.28-22.00.58:757][457]LogUObjectHash: Compacting FUObjectHashTables data took   1.90ms
[2019.09.28-22.00.58:786][457]LogUObjectHash: Compacting FUObjectHashTables data took   0.73ms
[2019.09.28-22.01.17:749][ 60]LogSlate: Window 'Pick Parent Class' being destroyed
[2019.09.28-22.01.27:448][474]LogSlate: Window 'Pick Parent Class' being destroyed
[2019.09.28-22.01.56:325][878]LogAssetEditorManager: Opening Asset editor for FileMediaSource /Game/Movies/360FishSource.360FishSource
[2019.09.28-22.02.03:007][ 25]Cmd: OBJ SAVEPACKAGE PACKAGE="/Game/Movies/360FishSource" FILE="../../../../../../Users/druny/Documents/360VidUE4/VR360VidTemplate/Content/Movies/360FishSource.uasset" SILENT=true
[2019.09.28-22.02.03:022][ 25]LogSavePackage: Moving '../../../../../../Users/druny/Documents/360VidUE4/VR360VidTemplate/Saved/360FishSource8F6F21A6436B918DAC5EB1BF6F6176AA.tmp' to '../../../../../../Users/druny/Documents/360VidUE4/VR360VidTemplate/Content/Movies/360FishSource.uasset'
[2019.09.28-22.02.03:955][ 59]LogSlate: Window '360FishSource' being destroyed
[2019.09.28-22.02.16:840][664]LogLinker: Warning: Failed to load '/Game/Movies/NewFileMediaSource': Can't find file.
[2019.09.28-22.02.16:841][664]LogLinker: Warning: Failed to load '/Game/Movies/NewFileMediaSource': Can't find file.
[2019.09.28-22.02.16:841][664]LogUObjectGlobals: Warning: Failed to find object 'Object /Game/Movies/NewFileMediaSource.NewFileMediaSource'
[2019.09.28-22.02.18:417][732]LogAssetEditorManager: Opening Asset editor for FileMediaSource /Game/Movies/DemoOriginalSource.DemoOriginalSource
[2019.09.28-22.02.28:093][850]Cmd: OBJ SAVEPACKAGE PACKAGE="/Game/Movies/DemoOriginalSource" FILE="../../../../../../Users/druny/Documents/360VidUE4/VR360VidTemplate/Content/Movies/DemoOriginalSource.uasset" SILENT=true
[2019.09.28-22.02.28:099][850]LogSavePackage: Moving '../../../../../../Users/druny/Documents/360VidUE4/VR360VidTemplate/Saved/DemoOriginalSource961E13324F64C3467A819B90FCDE55D3.tmp' to '../../../../../../Users/druny/Documents/360VidUE4/VR360VidTemplate/Content/Movies/DemoOriginalSource.uasset'
[2019.09.28-22.02.28:951][890]LogSlate: Window 'DemoOriginalSource' being destroyed
[2019.09.28-22.02.44:450][667]LogAssetEditorManager: Opening Asset editor for FileMediaSource /Game/Movies/Demo4kSource.Demo4kSource
[2019.09.28-22.02.49:803][781]Cmd: OBJ SAVEPACKAGE PACKAGE="/Game/Movies/Demo4kSource" FILE="../../../../../../Users/druny/Documents/360VidUE4/VR360VidTemplate/Content/Movies/Demo4kSource.uasset" SILENT=true
[2019.09.28-22.02.49:820][781]LogSavePackage: Moving '../../../../../../Users/druny/Documents/360VidUE4/VR360VidTemplate/Saved/Demo4kSource2369EDA540DE09BEBFE6018EAFD44474.tmp' to '../../../../../../Users/druny/Documents/360VidUE4/VR360VidTemplate/Content/Movies/Demo4kSource.uasset'
[2019.09.28-22.02.50:555][807]LogSlate: Window 'Demo4kSource' being destroyed
[2019.09.28-22.03.02:829][394]LogAssetEditorManager: Opening Asset editor for FileMediaSource /Game/Movies/Demo1440pSource.Demo1440pSource
[2019.09.28-22.03.07:344][499]Cmd: OBJ SAVEPACKAGE PACKAGE="/Game/Movies/Demo1440pSource" FILE="../../../../../../Users/druny/Documents/360VidUE4/VR360VidTemplate/Content/Movies/Demo1440pSource.uasset" SILENT=true
[2019.09.28-22.03.07:367][499]LogSavePackage: Moving '../../../../../../Users/druny/Documents/360VidUE4/VR360VidTemplate/Saved/Demo1440pSource0DFE0C494D6D27D3029024B51EF78029.tmp' to '../../../../../../Users/druny/Documents/360VidUE4/VR360VidTemplate/Content/Movies/Demo1440pSource.uasset'
[2019.09.28-22.03.07:970][522]LogSlate: Window 'Demo1440pSource' being destroyed
[2019.09.28-22.03.17:973][  9]LogAssetEditorManager: Opening Asset editor for FileMediaSource /Game/Movies/Demo1080pSource.Demo1080pSource
[2019.09.28-22.03.22:142][100]Cmd: OBJ SAVEPACKAGE PACKAGE="/Game/Movies/Demo1080pSource" FILE="../../../../../../Users/druny/Documents/360VidUE4/VR360VidTemplate/Content/Movies/Demo1080pSource.uasset" SILENT=true
[2019.09.28-22.03.22:157][100]LogSavePackage: Moving '../../../../../../Users/druny/Documents/360VidUE4/VR360VidTemplate/Saved/Demo1080pSourceC7057B0846C0777C7DB35CA6025A81FE.tmp' to '../../../../../../Users/druny/Documents/360VidUE4/VR360VidTemplate/Content/Movies/Demo1080pSource.uasset'
[2019.09.28-22.03.22:895][127]LogSlate: Window 'Demo1080pSource' being destroyed
[2019.09.28-22.03.37:521][872]LogAssetEditorManager: Opening Asset editor for FileMediaSource /Game/Movies/Demo720pSource.Demo720pSource
[2019.09.28-22.03.42:285][968]Cmd: OBJ SAVEPACKAGE PACKAGE="/Game/Movies/Demo720pSource" FILE="../../../../../../Users/druny/Documents/360VidUE4/VR360VidTemplate/Content/Movies/Demo720pSource.uasset" SILENT=true
[2019.09.28-22.03.42:303][968]LogSavePackage: Moving '../../../../../../Users/druny/Documents/360VidUE4/VR360VidTemplate/Saved/Demo720pSource56E6BEEF40B4A898CA56ACBC34FD7CFE.tmp' to '../../../../../../Users/druny/Documents/360VidUE4/VR360VidTemplate/Content/Movies/Demo720pSource.uasset'
[2019.09.28-22.03.43:176][  1]LogSlate: Window 'Demo720pSource' being destroyed
[2019.09.28-22.03.58:743][764]LogAssetEditorManager: Opening Asset editor for FileMediaSource /Game/Movies/Demo540pSource.Demo540pSource
[2019.09.28-22.04.05:545][933]Cmd: OBJ SAVEPACKAGE PACKAGE="/Game/Movies/Demo540pSource" FILE="../../../../../../Users/druny/Documents/360VidUE4/VR360VidTemplate/Content/Movies/Demo540pSource.uasset" SILENT=true
[2019.09.28-22.04.05:562][933]LogSavePackage: Moving '../../../../../../Users/druny/Documents/360VidUE4/VR360VidTemplate/Saved/Demo540pSource853609354896A09A768369AB6A012CC7.tmp' to '../../../../../../Users/druny/Documents/360VidUE4/VR360VidTemplate/Content/Movies/Demo540pSource.uasset'
[2019.09.28-22.04.06:158][956]LogSlate: Window 'Demo540pSource' being destroyed
[2019.09.28-22.04.14:910][382]LogAssetEditorManager: Opening Asset editor for FileMediaSource /Game/Movies/Demo360pSource.Demo360pSource
[2019.09.28-22.04.37:524][275]Cmd: OBJ SAVEPACKAGE PACKAGE="/Game/Movies/Demo360pSource" FILE="../../../../../../Users/druny/Documents/360VidUE4/VR360VidTemplate/Content/Movies/Demo360pSource.uasset" SILENT=true
[2019.09.28-22.04.37:542][275]LogSavePackage: Moving '../../../../../../Users/druny/Documents/360VidUE4/VR360VidTemplate/Saved/Demo360pSource14A95CBC4C4262CF8274AE90C91C9990.tmp' to '../../../../../../Users/druny/Documents/360VidUE4/VR360VidTemplate/Content/Movies/Demo360pSource.uasset'
[2019.09.28-22.04.38:622][313]LogSlate: Window 'Demo360pSource' being destroyed
[2019.09.28-22.06.52:159][990]LogAssetEditorManager: Opening Asset editor for Blueprint /Game/BPs/Blueprints/VRController.VRController
[2019.09.28-22.06.52:396][990]LogContentBrowser: Native class hierarchy updated for 'BlueprintGraph' in 0.0005 seconds. Added 121 classes and 0 folders.
[2019.09.28-22.06.53:210][990]LogRenderer: Reallocating scene render targets to support 1224x636 Format 9 NumSamples 1 (Frame:1).
[2019.09.28-22.06.55:173][ 38]LogSlate: Took 0.000325 seconds to synchronously load lazily loaded font '../../../Engine/Content/Slate/Fonts/Roboto-Italic.ttf' (157K)
[2019.09.28-22.06.56:436][ 70]LogSlate: Took 0.000341 seconds to synchronously load lazily loaded font '../../../Engine/Content/Slate/Fonts/Roboto-BoldCondensed.ttf' (158K)
[2019.09.28-22.07.43:928][486]LogSlate: Window 'VRController' being destroyed
[2019.09.28-22.07.45:496][568]LogAssetEditorManager: Opening Asset editor for Blueprint /Game/BPs/Blueprints/VRPawn.VRPawn
[2019.09.28-22.10.58:273][964]LogUObjectHash: Compacting FUObjectHashTables data took   3.32ms
[2019.09.28-22.10.58:273][964]LogFileHelpers: Editor autosave (incl. sublevels) for '/Temp/Untitled_1' took 0.037
[2019.09.28-22.10.58:276][964]OBJ SavePackage: Generating thumbnails for [0] asset(s) in package [/Game/BPs/Blueprints/VRPawn] ([1] browsable assets)...
[2019.09.28-22.10.58:276][964]OBJ SavePackage: Finished generating thumbnails for package [/Game/BPs/Blueprints/VRPawn]
[2019.09.28-22.10.58:299][964]LogSavePackage: Moving '../../../../../../Users/druny/Documents/360VidUE4/VR360VidTemplate/Saved/VRPawn_Auto16918FD69415E7F9BC99C7E9B1519981C.tmp' to '../../../../../../Users/druny/Documents/360VidUE4/VR360VidTemplate/Saved/Autosaves/Game/BPs/Blueprints/VRPawn_Auto1.uasset'
[2019.09.28-22.10.58:300][964]OBJ SavePackage: Generating thumbnails for [0] asset(s) in package [/Game/BPs/Blueprints/VRController] ([1] browsable assets)...
[2019.09.28-22.10.58:300][964]OBJ SavePackage: Finished generating thumbnails for package [/Game/BPs/Blueprints/VRController]
[2019.09.28-22.10.58:310][964]LogSavePackage: Moving '../../../../../../Users/druny/Documents/360VidUE4/VR360VidTemplate/Saved/VRController_Auto17DD4B5234F8113DA78FC7A95382C8E9E.tmp' to '../../../../../../Users/druny/Documents/360VidUE4/VR360VidTemplate/Saved/Autosaves/Game/BPs/Blueprints/VRController_Auto1.uasset'
[2019.09.28-22.10.58:310][964]LogFileHelpers: Auto-saving content packages took 0.036
[2019.09.28-22.11.27:872][301]LogSlate: Window 'Create Media Player' being destroyed
[2019.09.28-22.11.48:393][267]LogAssetEditorManager: Opening Asset editor for MediaPlayer /Game/Movies/MyMediaPlayer.MyMediaPlayer
[2019.09.28-22.11.48:421][267]LogMaterial: Display: Missing cached shader map for material Material_0, compiling. 
[2019.09.28-22.11.48:579][267]LogShaderCompilers: Display: Worker (1/5): shaders left to compile 29
[2019.09.28-22.11.48:579][267]LogShaderCompilers: Display: Worker (2/5): shaders left to compile 21
[2019.09.28-22.11.48:579][267]LogShaderCompilers: Display: Worker (3/5): shaders left to compile 13
[2019.09.28-22.11.48:579][267]LogShaderCompilers: Display: Worker (4/5): shaders left to compile 5
[2019.09.28-22.11.48:666][267]LogContentBrowser: Verbose: The majority of assets in the view are of type: FileMediaSource
[2019.09.28-22.14.06:392][ 17]LogOutputDevice: Warning: 

Script Stack (0 frames):

[2019.09.28-22.14.06:393][ 17]LogWindows: Windows GetLastError: The operation completed successfully. (0)
[2019.09.28-22.14.10:995][ 17]LogWindows: Error: === Critical error: ===
[2019.09.28-22.14.10:995][ 17]LogWindows: Error: 
[2019.09.28-22.14.10:995][ 17]LogWindows: Error: Assertion failed: IsValid() [File:D:\Build\++UE4\Sync\Engine\Source\Runtime\Core\Public\Templates/SharedPointer.h] [Line: 851] 
[2019.09.28-22.14.10:995][ 17]LogWindows: Error: 
[2019.09.28-22.14.10:995][ 17]LogWindows: Error: 
[2019.09.28-22.14.10:995][ 17]LogWindows: Error: 
[2019.09.28-22.14.10:995][ 17]LogWindows: Error: [Callstack] 0x00007ffff357a388 KERNELBASE.dll!UnknownFunction []
[2019.09.28-22.14.10:995][ 17]LogWindows: Error: [Callstack] 0x00007fffa8d69ef7 UE4Editor-Core.dll!UnknownFunction []
[2019.09.28-22.14.10:995][ 17]LogWindows: Error: [Callstack] 0x00007fffa8d6c754 UE4Editor-Core.dll!UnknownFunction []
[2019.09.28-22.14.10:995][ 17]LogWindows: Error: [Callstack] 0x00007fffa8b61afa UE4Editor-Core.dll!UnknownFunction []
[2019.09.28-22.14.10:995][ 17]LogWindows: Error: [Callstack] 0x00007fffa8ab67c3 UE4Editor-Core.dll!UnknownFunction []
[2019.09.28-22.14.10:995][ 17]LogWindows: Error: [Callstack] 0x00007fffa8ab6ed0 UE4Editor-Core.dll!UnknownFunction []
[2019.09.28-22.14.10:995][ 17]LogWindows: Error: [Callstack] 0x00007fff8d56a064 UE4Editor-ContentBrowser.dll!UnknownFunction []
[2019.09.28-22.14.10:995][ 17]LogWindows: Error: [Callstack] 0x00007fff8d540408 UE4Editor-ContentBrowser.dll!UnknownFunction []
[2019.09.28-22.14.10:995][ 17]LogWindows: Error: [Callstack] 0x00007fff8d542428 UE4Editor-ContentBrowser.dll!UnknownFunction []
[2019.09.28-22.14.10:995][ 17]LogWindows: Error: [Callstack] 0x00007fffb4359d2f UE4Editor-Slate.dll!UnknownFunction []
[2019.09.28-22.14.10:995][ 17]LogWindows: Error: [Callstack] 0x00007fffb433da79 UE4Editor-Slate.dll!UnknownFunction []
[2019.09.28-22.14.10:995][ 17]LogWindows: Error: [Callstack] 0x00007fffb440804f UE4Editor-Slate.dll!UnknownFunction []
[2019.09.28-22.14.10:995][ 17]LogWindows: Error: [Callstack] 0x00007fffb43f164f UE4Editor-Slate.dll!UnknownFunction []
[2019.09.28-22.14.10:995][ 17]LogWindows: Error: [Callstack] 0x00007fffb4235231 UE4Editor-Slate.dll!UnknownFunction []
[2019.09.28-22.14.10:996][ 17]LogWindows: Error: [Callstack] 0x00007fffb42bb4f1 UE4Editor-Slate.dll!UnknownFunction []
[2019.09.28-22.14.10:996][ 17]LogWindows: Error: [Callstack] 0x00007fffb42a52e8 UE4Editor-Slate.dll!UnknownFunction []
[2019.09.28-22.14.10:996][ 17]LogWindows: Error: [Callstack] 0x00007fffb4299c91 UE4Editor-Slate.dll!UnknownFunction []
[2019.09.28-22.14.10:996][ 17]LogWindows: Error: [Callstack] 0x00007fffded64e02 UE4Editor-ApplicationCore.dll!UnknownFunction []
[2019.09.28-22.14.10:996][ 17]LogWindows: Error: [Callstack] 0x00007fffded526df UE4Editor-ApplicationCore.dll!UnknownFunction []
[2019.09.28-22.14.10:996][ 17]LogWindows: Error: [Callstack] 0x00007fffded67340 UE4Editor-ApplicationCore.dll!UnknownFunction []
[2019.09.28-22.14.10:996][ 17]LogWindows: Error: [Callstack] 0x00007fffded4edd0 UE4Editor-ApplicationCore.dll!UnknownFunction []
[2019.09.28-22.14.10:996][ 17]LogWindows: Error: [Callstack] 0x00007ffff4756d41 USER32.dll!UnknownFunction []
[2019.09.28-22.14.10:996][ 17]LogWindows: Error: [Callstack] 0x00007ffff4756713 USER32.dll!UnknownFunction []
[2019.09.28-22.14.10:996][ 17]LogWindows: Error: [Callstack] 0x00007fffded688e9 UE4Editor-ApplicationCore.dll!UnknownFunction []
[2019.09.28-22.14.10:996][ 17]LogWindows: Error: [Callstack] 0x00007ff607396980 UE4Editor.exe!UnknownFunction []
[2019.09.28-22.14.10:996][ 17]LogWindows: Error: [Callstack] 0x00007ff6073aa91c UE4Editor.exe!UnknownFunction []
[2019.09.28-22.14.10:996][ 17]LogWindows: Error: [Callstack] 0x00007ff6073aa9fa UE4Editor.exe!UnknownFunction []
[2019.09.28-22.14.10:996][ 17]LogWindows: Error: [Callstack] 0x00007ff6073bb92c UE4Editor.exe!UnknownFunction []
[2019.09.28-22.14.10:996][ 17]LogWindows: Error: [Callstack] 0x00007ff6073be60e UE4Editor.exe!UnknownFunction []
[2019.09.28-22.14.10:996][ 17]LogWindows: Error: [Callstack] 0x00007ffff4584034 KERNEL32.DLL!UnknownFunction []
[2019.09.28-22.14.10:996][ 17]LogWindows: Error: [Callstack] 0x00007ffff7103691 ntdll.dll!UnknownFunction []
[2019.09.28-22.14.10:996][ 17]LogWindows: Error: 
[2019.09.28-22.14.11:024][ 17]LogExit: Executing StaticShutdownAfterError
[2019.09.28-22.14.11:032][ 17]LogWindows: FPlatformMisc::RequestExit(1)
[2019.09.28-22.14.11:041][ 17]Log file closed, 09/28/19 16:14:11
